<?xml version="1.0" encoding="UTF-8"?>
<!-- Generated by org.testng.reporters.JUnitReportReporter -->
<testsuite hostname="sara" failures="0" tests="1" name="testRunner.HomeDepotTestRunner" time="0.089" errors="0" timestamp="2022-04-24T17:13:47 EDT" skipped="0">
  <testcase classname="testRunner.HomeDepotTestRunner" name="runScenario" time="0.089"/>
  <system-out/>
</testsuite> <!-- testRunner.HomeDepotTestRunner -->
